Arguments: 
  C:\Program Files\nodejs\node.exe C:\Users\albeb\AppData\Roaming\npm\node_modules\yarn\bin\yarn.js

PATH: 
  C:\Program Files\Common Files\Oracle\Java\javapath;C:\Program Files (x86)\Common Files\Oracle\Java\javapath;C:\Program Files (x86)\Razer Chroma SDK\bin;C:\Program Files\Razer Chroma SDK\bin;C:\VulkanSDK\1.2.154.1\Bin;C:\Sap\hdbclient;C:\Program Files (x86)\Razer\ChromaBroadcast\bin;C:\Program Files\Razer\ChromaBroadcast\bin;C:\Python38\Scripts\;C:\Python38\;C:\Windows\system32;C:\Windows;C:\Windows\System32\Wbem;C:\Windows\System32\WindowsPowerShell\v1.0\;C:\Windows\System32\OpenSSH\;C:\Program Files (x86)\NVIDIA Corporation\PhysX\Common;C:\Program Files\NVIDIA Corporation\NVIDIA NvDLISR;C:\ProgramData\chocolatey\bin;C:\Windows\system32\config\systemprofile\AppData\Local\Microsoft\WindowsApps;C:\Program Files\Cloud Foundry;C:\Program Files\MongoDB\Server\4.4\bin;C:\Program Files\PostgreSQL\13\bin;C:\sqlite;C:\xampp\php;C:\Program Files\heroku\bin;C:\EasyPHP\eds-binaries\dbserver\mysql5717x86x210202185732\bin;C:\Program Files\Amazon\AWSCLIV2\;C:\Program Files\dotnet\;C:\WINDOWS\system32;C:\WINDOWS;C:\WINDOWS\System32\Wbem;C:\WINDOWS\System32\WindowsPowerShell\v1.0\;C:\WINDOWS\System32\OpenSSH\;C:\Program Files\Java\jdk-11.0.12;C:\Program Files\Git\cmd;C:\Users\albeb\AppData\Roaming\npm;C:\Program Files\Java\jre1.8.0_331\bin;C:\Gradle\gradle-7.5\bin;;C:\Program Files\Microsoft VS Code\bin;C:\Program Files\nodejs\;C:\Users\albeb\.windows-build-tools\python27\;C:\Program Files\Nodejs\node_modules\npm\node_modules\npm-lifecycle\node-gyp-bin;C:\Users\albeb\AppData\Roaming\npm\node_modules\windows-build-tools\node_modules\.bin;C:\Users\albeb\AppData\Roaming\npm\node_modules\.bin;C:\Program Files (x86)\Razer Chroma SDK\bin;C:\Program Files\Razer Chroma SDK\bin;C:\VulkanSDK\1.2.154.1\Bin;C:\Sap\hdbclient;C:\Program Files (x86)\Razer\ChromaBroadcast\bin;C:\Program Files\Razer\ChromaBroadcast\bin;C:\Python38\Scripts\;C:\Python38\;C:\Windows;C:\Windows\system32;C:\Windows\System32\Wbem;C:\Windows\System32\WindowsPowerShell\v1.0\;C:\Windows\System32\OpenSSH\;C:\Program Files (x86)\NVIDIA Corporation\PhysX\Common;C:\Program Files\NVIDIA Corporation\NVIDIA NvDLISR;C:\ProgramData\chocolatey\bin;C:\Program Files\Git\cmd;C:\Windows\system32\config\systemprofile\AppData\Local\Microsoft\WindowsApps;C:\Program Files\Cloud Foundry;C:\Program Files\Nodejs\;C:\Users\albeb\AppData\Local\Programs\Microsoft VS Code\bin;C:\Program Files\Java\jre1.8.0_331\bin;C:\Gradle\gradle-7.5\bin;C:\Users\albeb\AppData\Local\Microsoft\WindowsApps;C:\Users\albeb\AppData\Roaming\npm

Yarn version: 
  1.22.10

Node version: 
  16.17.1

Platform: 
  win32 x64

Trace: 
  Error: certificate has expired
      at TLSSocket.onConnectSecure (node:_tls_wrap:1535:34)
      at TLSSocket.emit (node:events:513:28)
      at TLSSocket._finishInit (node:_tls_wrap:949:8)
      at TLSWrap.ssl.onhandshakedone (node:_tls_wrap:730:12)

npm manifest: 
  {
    "name": "walkthrough",
    "version": "0.0.1",
    "private": true,
    "main": "webapp/index.html",
    "scripts": {
      "start": "fiori run --open 'index.html'"
    },
    "devDependencies": {
      "@sap/ui5-builder-webide-extension": "^1.1.5",
      "@sap/ux-ui5-tooling": "^1.2.3",
      "@ui5/cli": "^2.11.2",
      "@ui5/fs": "^2.0.6",
      "@ui5/logger": "^2.0.1",
      "ui5-task-zipper": "^0.3.1"
    },
    "ui5": {
      "dependencies": [
        "@sap/ux-ui5-tooling",
        "@sap/ui5-builder-webide-extension",
        "ui5-task-zipper"
      ]
    }
  }

yarn manifest: 
  No manifest

Lockfile: 
  No lockfile
